Start testing: Feb 03 13:24 CET
----------------------------------------------------------
1/6 Testing: simpleWriteTest
1/6 Test: simpleWriteTest
Command: "/home/ilaria/Desktop/MultiComponents_SC/2Components_GL/build/Release/third-party-build/h5pp/src/external_h5pp-build/tests/simpleWrite/simpleWrite"
Directory: /home/ilaria/Desktop/MultiComponents_SC/2Components_GL/build/Release/third-party-build/h5pp/src/external_h5pp-build/tests/simpleWrite
"simpleWriteTest" start time: Feb 03 13:24 CET
Output:
----------------------------------------------------------
[h5pp][ debug  ] Constructing h5pp file. Given path: [output/simpleWrite.h5]
[h5pp-init][ debug  ] Detected file name  : simpleWrite.h5
[h5pp-init][ debug  ] Detected file path  : /home/ilaria/Desktop/MultiComponents_SC/2Components_GL/build/Release/third-party-build/h5pp/src/external_h5pp-build/tests/simpleWrite/output/simpleWrite.h5
[h5pp-init][ debug  ] File mode [TRUNCATE]: Overwriting file if it exists: [/home/ilaria/Desktop/MultiComponents_SC/2Components_GL/build/Release/third-party-build/h5pp/src/external_h5pp-build/tests/simpleWrite/output/simpleWrite.h5]
[h5pp|simpleWrite.h5][ debug  ] Writing dataset: [simpleWriteGroup/String] | size 16 | rank 1 | dimensions {1}
[h5pp|simpleWrite.h5][ debug  ] Writing dataset: [simpleWriteGroup/Char] | size 100 | rank 1 | dimensions {1}
[h5pp|simpleWrite.h5][ debug  ] Writing dataset: [simpleWriteGroup/Double] | size 1 | rank 1 | dimensions {1}
[h5pp|simpleWrite.h5][ debug  ] Writing dataset: [simpleWriteGroup/ComplexDouble] | size 1 | rank 1 | dimensions {1}
[h5pp|simpleWrite.h5][ debug  ] Writing dataset: [simpleWriteGroup/arrayInt] | size 5 | rank 1 | dimensions {5}
[h5pp|simpleWrite.h5][ debug  ] Writing dataset: [simpleWriteGroup/vectorInt] | size 10 | rank 1 | dimensions {10}
[h5pp|simpleWrite.h5][ debug  ] Writing dataset: [simpleWriteGroup/vectorLong] | size 10 | rank 1 | dimensions {10}
[h5pp|simpleWrite.h5][ debug  ] Writing dataset: [simpleWriteGroup/vectorUint] | size 10 | rank 1 | dimensions {10}
[h5pp|simpleWrite.h5][ debug  ] Writing dataset: [simpleWriteGroup/vectorUlong] | size 10 | rank 1 | dimensions {10}
[h5pp|simpleWrite.h5][ debug  ] Writing dataset: [simpleWriteGroup/vectorFloat] | size 10 | rank 1 | dimensions {10}
[h5pp|simpleWrite.h5][ debug  ] Writing dataset: [simpleWriteGroup/vectorDouble] | size 10 | rank 1 | dimensions {10}
[h5pp|simpleWrite.h5][ debug  ] Writing dataset: [simpleWriteGroup/vectorComplexInt] | size 10 | rank 1 | dimensions {10}
[h5pp|simpleWrite.h5][ debug  ] Writing dataset: [simpleWriteGroup/vectorComplexDouble] | size 10 | rank 1 | dimensions {10}
[h5pp|simpleWrite.h5][ debug  ] Writing dataset: [simpleWriteGroup/matrixInt] | size 4 | rank 2 | dimensions {2, 2}
[h5pp|simpleWrite.h5][ debug  ] Writing dataset: [simpleWriteGroup/matrixDouble] | size 4 | rank 2 | dimensions {2, 2}
[h5pp|simpleWrite.h5][ debug  ] Writing dataset: [simpleWriteGroup/matrixComplexDouble] | size 4 | rank 2 | dimensions {2, 2}
[h5pp|simpleWrite.h5][ debug  ] Writing dataset: [simpleWriteGroup/vectorInt] | size 10 | rank 1 | dimensions {10}
[h5pp|simpleWrite.h5][ debug  ] Writing dataset: [simpleWriteGroup/test] | size 4 | rank 2 | dimensions {2, 2}
[h5pp-exit][ debug  ] Closing file: simpleWrite.h5.
<end of output>
Test time =   0.01 sec
----------------------------------------------------------
Test Passed.
"simpleWriteTest" end time: Feb 03 13:24 CET
"simpleWriteTest" time elapsed: 00:00:00
----------------------------------------------------------

2/6 Testing: largeWriteTest
2/6 Test: largeWriteTest
Command: "/home/ilaria/Desktop/MultiComponents_SC/2Components_GL/build/Release/third-party-build/h5pp/src/external_h5pp-build/tests/largeWrite/largeWrite"
Directory: /home/ilaria/Desktop/MultiComponents_SC/2Components_GL/build/Release/third-party-build/h5pp/src/external_h5pp-build/tests/largeWrite
"largeWriteTest" start time: Feb 03 13:24 CET
Output:
----------------------------------------------------------
[h5pp][ debug  ] Constructing h5pp file. Given path: [output/largeWrite.h5]
[h5pp-init][ debug  ] Detected file name  : largeWrite.h5
[h5pp-init][ debug  ] Detected file path  : /home/ilaria/Desktop/MultiComponents_SC/2Components_GL/build/Release/third-party-build/h5pp/src/external_h5pp-build/tests/largeWrite/output/largeWrite.h5
[h5pp-init][ debug  ] File mode [TRUNCATE]: Overwriting file if it exists: [/home/ilaria/Desktop/MultiComponents_SC/2Components_GL/build/Release/third-party-build/h5pp/src/external_h5pp-build/tests/largeWrite/output/largeWrite.h5]
[h5pp|largeWrite.h5][ debug  ] Writing dataset: [largeWriteGroup/vectorComplexDouble] | size 10000 | rank 1 | dimensions {10000}
[h5pp|largeWrite.h5][ debug  ] Writing dataset: [largeWriteGroup/matrixInt] | size 250000 | rank 2 | dimensions {500, 500}
[h5pp|largeWrite.h5][ debug  ] Writing dataset: [largeWriteGroup/matrixDouble] | size 250000 | rank 2 | dimensions {500, 500}
[h5pp|largeWrite.h5][ debug  ] Writing dataset: [largeWriteGroup/matrixComplexDouble] | size 250000 | rank 2 | dimensions {500, 500}
[h5pp|largeWrite.h5][ debug  ] Writing dataset: [largeWriteGroup/transpose] | size 250000 | rank 2 | dimensions {500, 500}
[h5pp-exit][ debug  ] Closing file: largeWrite.h5.
<end of output>
Test time =   0.03 sec
----------------------------------------------------------
Test Passed.
"largeWriteTest" end time: Feb 03 13:24 CET
"largeWriteTest" time elapsed: 00:00:00
----------------------------------------------------------

3/6 Testing: overWriteTest
3/6 Test: overWriteTest
Command: "/home/ilaria/Desktop/MultiComponents_SC/2Components_GL/build/Release/third-party-build/h5pp/src/external_h5pp-build/tests/overWrite/overWrite"
Directory: /home/ilaria/Desktop/MultiComponents_SC/2Components_GL/build/Release/third-party-build/h5pp/src/external_h5pp-build/tests/overWrite
"overWriteTest" start time: Feb 03 13:24 CET
Output:
----------------------------------------------------------
[h5pp][ debug  ] Constructing h5pp file. Given path: [output/overWrite.h5]
[h5pp-init][ debug  ] Detected file name  : overWrite.h5
[h5pp-init][ debug  ] Detected file path  : /home/ilaria/Desktop/MultiComponents_SC/2Components_GL/build/Release/third-party-build/h5pp/src/external_h5pp-build/tests/overWrite/output/overWrite.h5
[h5pp-init][ debug  ] File mode [TRUNCATE]: Overwriting file if it exists: [/home/ilaria/Desktop/MultiComponents_SC/2Components_GL/build/Release/third-party-build/h5pp/src/external_h5pp-build/tests/overWrite/output/overWrite.h5]
[h5pp|overWrite.h5][ debug  ] Writing dataset: [overWriteGroup_ext_enabled/vectorComplexDouble] | size 10000 | rank 1 | dimensions {10000}
[h5pp|overWrite.h5][ debug  ] Writing dataset: [overWriteGroup_ext_enabled/matrixInt] | size 10000 | rank 2 | dimensions {100, 100}
[h5pp|overWrite.h5][ debug  ] Writing dataset: [overWriteGroup_ext_enabled/matrixDouble] | size 10000 | rank 2 | dimensions {100, 100}
[h5pp|overWrite.h5][ debug  ] Writing dataset: [overWriteGroup_ext_enabled/matrixComplexDouble] | size 10000 | rank 2 | dimensions {100, 100}
[h5pp|overWrite.h5][ debug  ] Writing dataset: [overWriteGroup_ext_enabled/somestring] | size 20 | rank 1 | dimensions {1}
[h5pp|overWrite.h5][ debug  ] Writing dataset: [overWriteGroup_ext_enabled/vectorComplexDouble] | size 10000 | rank 1 | dimensions {10000}
[h5pp|overWrite.h5][ debug  ] Writing dataset: [overWriteGroup_ext_enabled/matrixInt] | size 10000 | rank 2 | dimensions {100, 100}
[h5pp|overWrite.h5][ debug  ] Writing dataset: [overWriteGroup_ext_enabled/matrixDouble] | size 10000 | rank 2 | dimensions {100, 100}
[h5pp|overWrite.h5][ debug  ] Writing dataset: [overWriteGroup_ext_enabled/matrixComplexDouble] | size 10000 | rank 2 | dimensions {100, 100}
[h5pp|overWrite.h5][ debug  ] Writing dataset: [overWriteGroup_ext_enabled/somestring] | size 20 | rank 1 | dimensions {1}
[h5pp|overWrite.h5][ debug  ] Writing dataset: [overWriteGroup_ext_enabled/vectorComplexDouble] | size 15000 | rank 1 | dimensions {15000}
[h5pp|overWrite.h5][ debug  ] Writing dataset: [overWriteGroup_ext_enabled/matrixInt] | size 40000 | rank 2 | dimensions {200, 200}
[h5pp|overWrite.h5][ debug  ] Writing dataset: [overWriteGroup_ext_enabled/matrixDouble] | size 40000 | rank 2 | dimensions {200, 200}
[h5pp|overWrite.h5][ debug  ] Writing dataset: [overWriteGroup_ext_enabled/matrixComplexDouble] | size 40000 | rank 2 | dimensions {200, 200}
[h5pp|overWrite.h5][ debug  ] Writing dataset: [overWriteGroup_ext_enabled/somestring] | size 32 | rank 1 | dimensions {1}
[h5pp|overWrite.h5][ debug  ] Writing dataset: [overWriteGroup_ext_enabled/vectorComplexDouble] | size 15000 | rank 1 | dimensions {15000}
[h5pp|overWrite.h5][ debug  ] Writing dataset: [overWriteGroup_ext_enabled/matrixInt] | size 400 | rank 2 | dimensions {20, 20}
[h5pp|overWrite.h5][ debug  ] Writing dataset: [overWriteGroup_ext_enabled/matrixDouble] | size 400 | rank 2 | dimensions {20, 20}
[h5pp|overWrite.h5][ debug  ] Writing dataset: [overWriteGroup_ext_enabled/matrixComplexDouble] | size 400 | rank 2 | dimensions {20, 20}
[h5pp|overWrite.h5][ debug  ] Writing dataset: [overWriteGroup_ext_enabled/somestring] | size 12 | rank 1 | dimensions {1}
[h5pp|overWrite.h5][ debug  ] Writing dataset: [overWriteGroup_ext_disabled/vectorComplexDouble] | size 1000 | rank 1 | dimensions {1000}
[h5pp|overWrite.h5][ debug  ] Writing dataset: [overWriteGroup_ext_disabled/vectorComplexDouble] | size 10000 | rank 1 | dimensions {10000}
[h5pp|overWrite.h5][critical] The non-extendable dataset [overWriteGroup_ext_disabled/vectorComplexDouble] is being overwritten with a different size.
	 Old size = 16000 bytes. New size = 160000 bytes

 	 THE ERROR ABOVE IS PART OF THE TEST AND WAS EXPECTED: Write to file failed [overWriteGroup_ext_disabled/vectorComplexDouble]: Overwriting non-extendable dataset with different size
[h5pp|overWrite.h5][ debug  ] Writing dataset: [overWriteGroup_ext_disabled/somestring] | size 20 | rank 1 | dimensions {1}
[h5pp|overWrite.h5][ debug  ] Writing dataset: [overWriteGroup_ext_disabled/somestring] | size 20 | rank 1 | dimensions {1}
[h5pp|overWrite.h5][ debug  ] Writing dataset: [overWriteGroup_ext_disabled_chunked/vectorComplexDouble] | size 32768 | rank 1 | dimensions {32768}
[h5pp|overWrite.h5][ debug  ] Writing dataset: [overWriteGroup_ext_disabled_chunked/vectorComplexDouble] | size 131072 | rank 1 | dimensions {131072}
[h5pp-exit][ debug  ] Closing file: overWrite.h5.
<end of output>
Test time =   0.02 sec
----------------------------------------------------------
Test Passed.
"overWriteTest" end time: Feb 03 13:24 CET
"overWriteTest" time elapsed: 00:00:00
----------------------------------------------------------

4/6 Testing: readWriteTest
4/6 Test: readWriteTest
Command: "/home/ilaria/Desktop/MultiComponents_SC/2Components_GL/build/Release/third-party-build/h5pp/src/external_h5pp-build/tests/readWrite/readWrite"
Directory: /home/ilaria/Desktop/MultiComponents_SC/2Components_GL/build/Release/third-party-build/h5pp/src/external_h5pp-build/tests/readWrite
"readWriteTest" start time: Feb 03 13:24 CET
Output:
----------------------------------------------------------
[h5pp][ debug  ] Constructing h5pp file. Given path: [output/readWrite.h5]
[h5pp-init][ trace  ] Attempting to set file name and path. File name [output/readWrite.h5] path []. Has initialized: false
[h5pp-init][ trace  ] File path empty. Detecting path...
[h5pp-init][ trace  ] Current path        : /home/ilaria/Desktop/MultiComponents_SC/2Components_GL/build/Release/third-party-build/h5pp/src/external_h5pp-build/tests/readWrite
[h5pp-init][ debug  ] Detected file name  : readWrite.h5
[h5pp-init][ debug  ] Detected file path  : /home/ilaria/Desktop/MultiComponents_SC/2Components_GL/build/Release/third-party-build/h5pp/src/external_h5pp-build/tests/readWrite/output/readWrite.h5
[h5pp-init][ trace  ] Directory already exists: /home/ilaria/Desktop/MultiComponents_SC/2Components_GL/build/Release/third-party-build/h5pp/src/external_h5pp-build/tests/readWrite/output
[h5pp-init][ debug  ] File mode [TRUNCATE]: Overwriting file if it exists: [/home/ilaria/Desktop/MultiComponents_SC/2Components_GL/build/Release/third-party-build/h5pp/src/external_h5pp-build/tests/readWrite/output/readWrite.h5]
Writing stringDummy       : 
Dummy string with spaces
[h5pp|readWrite.h5][ trace  ] Opening file handle in READWRITE mode
[h5pp|readWrite.h5][ trace  ] Checking if link exists: [stringDummy]
[h5pp|readWrite.h5][ trace  ] Closing file handle
[h5pp|readWrite.h5][ trace  ] Opening file handle in READWRITE mode
[h5pp|readWrite.h5][ debug  ] Writing dataset: [stringDummy] | size 24 | rank 1 | dimensions {1}
[h5pp|readWrite.h5][ trace  ] Closing file handle
Writing vectorDouble      : 
[ 1 0 0 0 0 0 0 0 0 1 0 0 0 0 0 1 0 0 1 0 0 0 0 0 -1 0 1 0 -1 0 0 -1 0 1 0 1 ]
[h5pp|readWrite.h5][ trace  ] Opening file handle in READWRITE mode
[h5pp|readWrite.h5][ trace  ] Checking if link exists: [vectorDouble]
[h5pp|readWrite.h5][ trace  ] Closing file handle
[h5pp|readWrite.h5][ trace  ] Opening file handle in READWRITE mode
[h5pp|readWrite.h5][ debug  ] Writing dataset: [vectorDouble] | size 36 | rank 1 | dimensions {36}
[h5pp|readWrite.h5][ trace  ] Closing file handle
Writing vectorComplex     : 
[ (-0.191154,0.326211) (0.964728,-0.712335) (-0.0351791,-0.10264) (0.177544,0.99999) ]
[h5pp|readWrite.h5][ trace  ] Opening file handle in READWRITE mode
[h5pp|readWrite.h5][ trace  ] Checking if link exists: [vectorComplex]
[h5pp|readWrite.h5][ trace  ] Closing file handle
[h5pp|readWrite.h5][ trace  ] Opening file handle in READWRITE mode
[h5pp|readWrite.h5][ debug  ] Writing dataset: [vectorComplex] | size 4 | rank 1 | dimensions {4}
[h5pp|readWrite.h5][ trace  ] Closing file handle
Writing matrixDouble     : 
 0.680375   0.59688
-0.211234  0.823295
 0.566198 -0.604897
[h5pp|readWrite.h5][ trace  ] Opening file handle in READWRITE mode
[h5pp|readWrite.h5][ trace  ] Checking if link exists: [matrixDouble]
[h5pp|readWrite.h5][ trace  ] Closing file handle
[h5pp|readWrite.h5][ trace  ] Opening file handle in READWRITE mode
[h5pp|readWrite.h5][ trace  ] Checking if link exists: [matrixDouble]
[h5pp|readWrite.h5][ trace  ] Closing file handle
[h5pp|readWrite.h5][ trace  ] Opening file handle in READWRITE mode
[h5pp|readWrite.h5][ debug  ] Writing dataset: [matrixDouble] | size 6 | rank 2 | dimensions {3, 2}
[h5pp|readWrite.h5][ trace  ] Closing file handle
Writing matrixIntRowMajor     : 
-353856438  576018668
-477225175  115899597
[h5pp|readWrite.h5][ trace  ] Opening file handle in READWRITE mode
[h5pp|readWrite.h5][ trace  ] Checking if link exists: [matrixIntRowMajor]
[h5pp|readWrite.h5][ trace  ] Closing file handle
[h5pp|readWrite.h5][ trace  ] Opening file handle in READWRITE mode
[h5pp|readWrite.h5][ trace  ] Checking if link exists: [matrixIntRowMajor]
[h5pp|readWrite.h5][ trace  ] Closing file handle
[h5pp|readWrite.h5][ trace  ] Opening file handle in READWRITE mode
[h5pp|readWrite.h5][ debug  ] Writing dataset: [matrixIntRowMajor] | size 4 | rank 2 | dimensions {2, 2}
[h5pp|readWrite.h5][ trace  ] Closing file handle
Writing tensorComplex     : 
 (0.415409,0.372001)   (0.313899,0.54968)   (0.268191,0.29804)  (0.642639,0.457732)   (0.94279,0.279835) (0.0418303,0.842121)   (0.848547,0.53023)  (0.106604,0.659144)   (0.304736,0.91535)  (0.662308,0.233075) (0.154904,0.0327758)  (0.335823,0.522025)  (0.990182,0.619592)  (0.551746,0.375562)  (0.171773,0.329078)  (0.264285,0.913962)  (0.577902,0.908121) (0.882326,0.0221618)
  (0.942862,0.78769)  (0.995214,0.530833)  (0.554062,0.815809)  (0.066671,0.660086)  (0.993323,0.632169) (0.0214921,0.197128)  (0.741165,0.453153)   (0.32576,0.211937)  (0.819107,0.722881) (0.674522,0.0343538)  (0.375828,0.354839) (0.051845,0.0147527) (0.694587,0.0865678)   (0.16311,0.684091) (0.0693735,0.170782)  (0.224839,0.227397)  (0.476748,0.282212)   (0.69175,0.951309)
[h5pp|readWrite.h5][ trace  ] Opening file handle in READWRITE mode
[h5pp|readWrite.h5][ trace  ] Checking if link exists: [tensorComplex]
[h5pp|readWrite.h5][ trace  ] Closing file handle
[h5pp|readWrite.h5][ trace  ] Opening file handle in READWRITE mode
[h5pp|readWrite.h5][ debug  ] Writing dataset: [tensorComplex] | size 36 | rank 4 | dimensions {2, 3, 2, 3}
[h5pp|readWrite.h5][ trace  ] Closing file handle
Writing tensorDoubleRowMajor     : 
 0.475919  0.671688  0.745922   0.24841    0.6231  0.586686 0.0439046  0.301113  0.101878  0.595266  0.171245  0.308656
 0.726927  0.430089  0.350652 0.0916797  0.309135  0.573043  0.942429  0.508091  0.705973  0.426179  0.640217 0.0399652
[h5pp|readWrite.h5][ trace  ] Opening file handle in READWRITE mode
[h5pp|readWrite.h5][ trace  ] Checking if link exists: [tensorDoubleRowMajor]
[h5pp|readWrite.h5][ trace  ] Closing file handle
[h5pp|readWrite.h5][ trace  ] Opening file handle in READWRITE mode
[h5pp|readWrite.h5][ debug  ] Writing dataset: [tensorDoubleRowMajor] | size 24 | rank 3 | dimensions {2, 3, 4}
[h5pp|readWrite.h5][ trace  ] Closing file handle
[h5pp|readWrite.h5][ trace  ] Opening file handle in READWRITE mode
[h5pp|readWrite.h5][ trace  ] Getting contents of group: [/]
[h5pp|readWrite.h5][ trace  ] Getting contents of group: /
[h5pp|readWrite.h5][ trace  ] Closing file handle
Found Link: matrixDouble
Found Link: matrixIntRowMajor
Found Link: stringDummy
Found Link: tensorComplex
Found Link: tensorDoubleRowMajor
Found Link: vectorComplex
Found Link: vectorDouble
Reading stringDummy: 
[h5pp|readWrite.h5][ trace  ] Opening file handle in READWRITE mode
[h5pp|readWrite.h5][ debug  ] Reading dataset: [stringDummy] | size 1 | rank 1 | dimensions {1}
[h5pp|readWrite.h5][ trace  ] Closing file handle
Dummy string with spaces
Reading vectorDouble: 
[h5pp|readWrite.h5][ trace  ] Opening file handle in READWRITE mode
[h5pp|readWrite.h5][ debug  ] Reading dataset: [vectorDouble] | size 36 | rank 1 | dimensions {36}
[h5pp|readWrite.h5][ trace  ] Closing file handle
[ 1 0 0 0 0 0 0 0 0 1 0 0 0 0 0 1 0 0 1 0 0 0 0 0 -1 0 1 0 -1 0 0 -1 0 1 0 1 ]
Reading vectorComplex: 
[h5pp|readWrite.h5][ trace  ] Opening file handle in READWRITE mode
[h5pp|readWrite.h5][ debug  ] Reading dataset: [vectorComplex] | size 4 | rank 1 | dimensions {4}
[h5pp|readWrite.h5][ trace  ] Closing file handle
[ (-0.191154,0.326211) (0.964728,-0.712335) (-0.0351791,-0.10264) (0.177544,0.99999) ]
Reading matrixDouble: 
[h5pp|readWrite.h5][ trace  ] Opening file handle in READWRITE mode
[h5pp|readWrite.h5][ debug  ] Reading dataset: [matrixDouble] | size 6 | rank 2 | dimensions {3, 2}
[h5pp|readWrite.h5][ trace  ] Closing file handle
 0.680375   0.59688
-0.211234  0.823295
 0.566198 -0.604897
Reading matrixIntRowMajor: 
[h5pp|readWrite.h5][ trace  ] Opening file handle in READWRITE mode
[h5pp|readWrite.h5][ debug  ] Reading dataset: [matrixIntRowMajor] | size 4 | rank 2 | dimensions {2, 2}
[h5pp|readWrite.h5][ trace  ] Closing file handle
-353856438  576018668
-477225175  115899597
Reading tensorComplex: 
[h5pp|readWrite.h5][ trace  ] Opening file handle in READWRITE mode
[h5pp|readWrite.h5][ debug  ] Reading dataset: [tensorComplex] | size 36 | rank 4 | dimensions {2, 3, 2, 3}
[h5pp|readWrite.h5][ trace  ] Closing file handle
[ 0  0 0 0 ]: (0.415409,0.372001)   (0.415409,0.372001)
[ 0  0 0 1 ]: (0.848547,0.53023)   (0.848547,0.53023)
[ 0  0 0 2 ]: (0.990182,0.619592)   (0.990182,0.619592)

[ 0  0 1 0 ]: (0.642639,0.457732)   (0.642639,0.457732)
[ 0  0 1 1 ]: (0.662308,0.233075)   (0.662308,0.233075)
[ 0  0 1 2 ]: (0.264285,0.913962)   (0.264285,0.913962)

[ 0  1 0 0 ]: (0.313899,0.54968)   (0.313899,0.54968)
[ 0  1 0 1 ]: (0.106604,0.659144)   (0.106604,0.659144)
[ 0  1 0 2 ]: (0.551746,0.375562)   (0.551746,0.375562)

[ 0  1 1 0 ]: (0.94279,0.279835)   (0.94279,0.279835)
[ 0  1 1 1 ]: (0.154904,0.0327758)   (0.154904,0.0327758)
[ 0  1 1 2 ]: (0.577902,0.908121)   (0.577902,0.908121)

[ 0  2 0 0 ]: (0.268191,0.29804)   (0.268191,0.29804)
[ 0  2 0 1 ]: (0.304736,0.91535)   (0.304736,0.91535)
[ 0  2 0 2 ]: (0.171773,0.329078)   (0.171773,0.329078)

[ 0  2 1 0 ]: (0.0418303,0.842121)   (0.0418303,0.842121)
[ 0  2 1 1 ]: (0.335823,0.522025)   (0.335823,0.522025)
[ 0  2 1 2 ]: (0.882326,0.0221618)   (0.882326,0.0221618)

[ 1  0 0 0 ]: (0.942862,0.78769)   (0.942862,0.78769)
[ 1  0 0 1 ]: (0.741165,0.453153)   (0.741165,0.453153)
[ 1  0 0 2 ]: (0.694587,0.0865678)   (0.694587,0.0865678)

[ 1  0 1 0 ]: (0.066671,0.660086)   (0.066671,0.660086)
[ 1  0 1 1 ]: (0.674522,0.0343538)   (0.674522,0.0343538)
[ 1  0 1 2 ]: (0.224839,0.227397)   (0.224839,0.227397)

[ 1  1 0 0 ]: (0.995214,0.530833)   (0.995214,0.530833)
[ 1  1 0 1 ]: (0.32576,0.211937)   (0.32576,0.211937)
[ 1  1 0 2 ]: (0.16311,0.684091)   (0.16311,0.684091)

[ 1  1 1 0 ]: (0.993323,0.632169)   (0.993323,0.632169)
[ 1  1 1 1 ]: (0.375828,0.354839)   (0.375828,0.354839)
[ 1  1 1 2 ]: (0.476748,0.282212)   (0.476748,0.282212)

[ 1  2 0 0 ]: (0.554062,0.815809)   (0.554062,0.815809)
[ 1  2 0 1 ]: (0.819107,0.722881)   (0.819107,0.722881)
[ 1  2 0 2 ]: (0.0693735,0.170782)   (0.0693735,0.170782)

[ 1  2 1 0 ]: (0.0214921,0.197128)   (0.0214921,0.197128)
[ 1  2 1 1 ]: (0.051845,0.0147527)   (0.051845,0.0147527)
[ 1  2 1 2 ]: (0.69175,0.951309)   (0.69175,0.951309)

Reading tensorDoubleRowMajor: 
[h5pp|readWrite.h5][ trace  ] Opening file handle in READWRITE mode
[h5pp|readWrite.h5][ debug  ] Reading dataset: [tensorDoubleRowMajor] | size 24 | rank 3 | dimensions {2, 3, 4}
[h5pp|readWrite.h5][ trace  ] Closing file handle
[ 0  0 0 ]: 0.475919   0.475919
[ 0  0 1 ]: 0.24841   0.24841
[ 0  0 2 ]: 0.0439046   0.0439046
[ 0  0 3 ]: 0.595266   0.595266

[ 0  1 0 ]: 0.671688   0.671688
[ 0  1 1 ]: 0.6231   0.6231
[ 0  1 2 ]: 0.301113   0.301113
[ 0  1 3 ]: 0.171245   0.171245

[ 0  2 0 ]: 0.745922   0.745922
[ 0  2 1 ]: 0.586686   0.586686
[ 0  2 2 ]: 0.101878   0.101878
[ 0  2 3 ]: 0.308656   0.308656

[ 1  0 0 ]: 0.726927   0.726927
[ 1  0 1 ]: 0.0916797   0.0916797
[ 1  0 2 ]: 0.942429   0.942429
[ 1  0 3 ]: 0.426179   0.426179

[ 1  1 0 ]: 0.430089   0.430089
[ 1  1 1 ]: 0.309135   0.309135
[ 1  1 2 ]: 0.508091   0.508091
[ 1  1 3 ]: 0.640217   0.640217

[ 1  2 0 ]: 0.350652   0.350652
[ 1  2 1 ]: 0.573043   0.573043
[ 1  2 2 ]: 0.705973   0.705973
[ 1  2 3 ]: 0.0399652   0.0399652

[h5pp|readWrite.h5][ trace  ] Opening file handle in READWRITE mode
[h5pp|readWrite.h5][ trace  ] Closing file handle
[h5pp|readWrite.h5][ trace  ] Opening file handle in READWRITE mode
[h5pp|readWrite.h5][ debug  ] Reading dataset: [vectorDouble] | size 36 | rank 1 | dimensions {36}
[h5pp|readWrite.h5][ trace  ] Closing file handle
[h5pp-exit][ debug  ] Closing file: readWrite.h5.
<end of output>
Test time =   0.01 sec
----------------------------------------------------------
Test Passed.
"readWriteTest" end time: Feb 03 13:24 CET
"readWriteTest" time elapsed: 00:00:00
----------------------------------------------------------

5/6 Testing: readWriteAttributesTest
5/6 Test: readWriteAttributesTest
Command: "/home/ilaria/Desktop/MultiComponents_SC/2Components_GL/build/Release/third-party-build/h5pp/src/external_h5pp-build/tests/readWriteAttributes/readWriteAttributes"
Directory: /home/ilaria/Desktop/MultiComponents_SC/2Components_GL/build/Release/third-party-build/h5pp/src/external_h5pp-build/tests/readWriteAttributes
"readWriteAttributesTest" start time: Feb 03 13:24 CET
Output:
----------------------------------------------------------
[h5pp][ debug  ] Constructing h5pp file. Given path: [output/readWriteAttributes.h5]
[h5pp-init][ trace  ] Attempting to set file name and path. File name [output/readWriteAttributes.h5] path []. Has initialized: false
[h5pp-init][ trace  ] File path empty. Detecting path...
[h5pp-init][ trace  ] Current path        : /home/ilaria/Desktop/MultiComponents_SC/2Components_GL/build/Release/third-party-build/h5pp/src/external_h5pp-build/tests/readWriteAttributes
[h5pp-init][ debug  ] Detected file name  : readWriteAttributes.h5
[h5pp-init][ debug  ] Detected file path  : /home/ilaria/Desktop/MultiComponents_SC/2Components_GL/build/Release/third-party-build/h5pp/src/external_h5pp-build/tests/readWriteAttributes/output/readWriteAttributes.h5
[h5pp-init][ trace  ] Directory already exists: /home/ilaria/Desktop/MultiComponents_SC/2Components_GL/build/Release/third-party-build/h5pp/src/external_h5pp-build/tests/readWriteAttributes/output
[h5pp-init][ debug  ] File mode [TRUNCATE]: Overwriting file if it exists: [/home/ilaria/Desktop/MultiComponents_SC/2Components_GL/build/Release/third-party-build/h5pp/src/external_h5pp-build/tests/readWriteAttributes/output/readWriteAttributes.h5]
Writing vectorDouble      : 
[ 1 0 0 0 0 0 0 0 0 1 0 0 0 0 0 1 0 0 1 0 0 0 0 0 -1 0 1 0 -1 0 0 -1 0 1 0 1 ]
[h5pp|readWriteAttributes.h5][ trace  ] Opening file handle in READWRITE mode
[h5pp|readWriteAttributes.h5][ trace  ] Checking if link exists: [testGroup/vectorDouble]
[h5pp|readWriteAttributes.h5][ trace  ] Closing file handle
[h5pp|readWriteAttributes.h5][ trace  ] Opening file handle in READWRITE mode
[h5pp|readWriteAttributes.h5][ debug  ] Writing dataset: [testGroup/vectorDouble] | size 36 | rank 1 | dimensions {36}
[h5pp|readWriteAttributes.h5][ trace  ] Closing file handle
[h5pp|readWriteAttributes.h5][ trace  ] Opening file handle in READWRITE mode
[h5pp|readWriteAttributes.h5][ trace  ] Writing attribute: [AttributeString] | size 16 | rank 1 | dimensions {1}
[h5pp|readWriteAttributes.h5][ trace  ] Closing file handle
[h5pp|readWriteAttributes.h5][ trace  ] Opening file handle in READWRITE mode
[h5pp|readWriteAttributes.h5][ trace  ] Writing attribute: [AttributeCharArray] | size 21 | rank 1 | dimensions {1}
[h5pp|readWriteAttributes.h5][ trace  ] Closing file handle
[h5pp|readWriteAttributes.h5][ trace  ] Opening file handle in READWRITE mode
[h5pp|readWriteAttributes.h5][ trace  ] Writing attribute: [AttributeInt] | size 1 | rank 1 | dimensions {1}
[h5pp|readWriteAttributes.h5][ trace  ] Closing file handle
[h5pp|readWriteAttributes.h5][ trace  ] Opening file handle in READWRITE mode
[h5pp|readWriteAttributes.h5][ trace  ] Writing attribute: [AttributeDouble] | size 1 | rank 1 | dimensions {1}
[h5pp|readWriteAttributes.h5][ trace  ] Closing file handle
[h5pp|readWriteAttributes.h5][ trace  ] Opening file handle in READWRITE mode
[h5pp|readWriteAttributes.h5][ trace  ] Writing attribute: [AttributeComplexDouble] | size 1 | rank 1 | dimensions {1}
[h5pp|readWriteAttributes.h5][ trace  ] Closing file handle
[h5pp|readWriteAttributes.h5][ trace  ] Opening file handle in READWRITE mode
[h5pp|readWriteAttributes.h5][ trace  ] Writing attribute: [AttributeIntArray] | size 6 | rank 1 | dimensions {6}
[h5pp|readWriteAttributes.h5][ trace  ] Closing file handle
[h5pp|readWriteAttributes.h5][ trace  ] Opening file handle in READWRITE mode
[h5pp|readWriteAttributes.h5][ trace  ] Writing attribute: [AttributeVectorDouble] | size 36 | rank 1 | dimensions {36}
[h5pp|readWriteAttributes.h5][ trace  ] Closing file handle
[h5pp|readWriteAttributes.h5][ trace  ] Opening file handle in READWRITE mode
[h5pp|readWriteAttributes.h5][ debug  ] Reading dataset: [testGroup/vectorDouble] | size 36 | rank 1 | dimensions {36}
[h5pp|readWriteAttributes.h5][ trace  ] Closing file handle
Reading testGroup/vectorDouble: 
[ 1 0 0 0 0 0 0 0 0 1 0 0 0 0 0 1 0 0 1 0 0 0 0 0 -1 0 1 0 -1 0 0 -1 0 1 0 1 ]
[h5pp|readWriteAttributes.h5][ trace  ] Opening file handle in READWRITE mode
[h5pp|readWriteAttributes.h5][ debug  ] Writing attribute to file: [GIT BRANCH] | size 4 | rank 1 | dimensions {1}
[h5pp|readWriteAttributes.h5][ trace  ] Closing file handle
[h5pp|readWriteAttributes.h5][ trace  ] Opening file handle in READWRITE mode
[h5pp|readWriteAttributes.h5][ debug  ] Writing attribute to file: [GIT COMMIT] | size 7 | rank 1 | dimensions {1}
[h5pp|readWriteAttributes.h5][ trace  ] Closing file handle
[h5pp|readWriteAttributes.h5][ trace  ] Opening file handle in READWRITE mode
[h5pp|readWriteAttributes.h5][ debug  ] Writing attribute to file: [GIT REVISION] | size 3 | rank 1 | dimensions {1}
[h5pp|readWriteAttributes.h5][ trace  ] Closing file handle
[h5pp-exit][ debug  ] Closing file: readWriteAttributes.h5.
<end of output>
Test time =   0.01 sec
----------------------------------------------------------
Test Passed.
"readWriteAttributesTest" end time: Feb 03 13:24 CET
"readWriteAttributesTest" time elapsed: 00:00:00
----------------------------------------------------------

6/6 Testing: copySwapTest
6/6 Test: copySwapTest
Command: "/home/ilaria/Desktop/MultiComponents_SC/2Components_GL/build/Release/third-party-build/h5pp/src/external_h5pp-build/tests/copySwap/copySwap"
Directory: /home/ilaria/Desktop/MultiComponents_SC/2Components_GL/build/Release/third-party-build/h5pp/src/external_h5pp-build/tests/copySwap
"copySwapTest" start time: Feb 03 13:24 CET
Output:
----------------------------------------------------------
[h5pp][ debug  ] Constructing h5pp file. Given path: [outputA/copySwapA.h5]
[h5pp-init][ debug  ] Detected file name  : copySwapA.h5
[h5pp-init][ debug  ] Detected file path  : /home/ilaria/Desktop/MultiComponents_SC/2Components_GL/build/Release/third-party-build/h5pp/src/external_h5pp-build/tests/copySwap/outputA/copySwapA.h5
[h5pp-init][ debug  ] File mode [TRUNCATE]: Overwriting file if it exists: [/home/ilaria/Desktop/MultiComponents_SC/2Components_GL/build/Release/third-party-build/h5pp/src/external_h5pp-build/tests/copySwap/outputA/copySwapA.h5]
[h5pp][ debug  ] Constructing h5pp file. Given path: [outputB/copySwapB.h5]
[h5pp-init][ debug  ] Detected file name  : copySwapB.h5
[h5pp-init][ debug  ] Detected file path  : /home/ilaria/Desktop/MultiComponents_SC/2Components_GL/build/Release/third-party-build/h5pp/src/external_h5pp-build/tests/copySwap/outputB/copySwapB.h5
[h5pp-init][ debug  ] File mode [TRUNCATE]: Overwriting file if it exists: [/home/ilaria/Desktop/MultiComponents_SC/2Components_GL/build/Release/third-party-build/h5pp/src/external_h5pp-build/tests/copySwap/outputB/copySwapB.h5]
[h5pp|copySwapB.h5][ debug  ] Writing dataset: [groupA/A] | size 2 | rank 1 | dimensions {1}
[h5pp|copySwapB.h5][ debug  ] Writing dataset: [groupB/B] | size 2 | rank 1 | dimensions {1}
[h5pp-init][ debug  ] Detected file name  : copySwapB.h5
[h5pp-init][ debug  ] Detected file path  : /home/ilaria/Desktop/MultiComponents_SC/2Components_GL/build/Release/third-party-build/h5pp/src/external_h5pp-build/tests/copySwap/outputB/copySwapB.h5
[h5pp-init][ debug  ] File mode [OPEN]: Opening file [/home/ilaria/Desktop/MultiComponents_SC/2Components_GL/build/Release/third-party-build/h5pp/src/external_h5pp-build/tests/copySwap/outputB/copySwapB.h5]
[h5pp|copySwapB.h5][ debug  ] Writing dataset: [groupC/C] | size 2 | rank 1 | dimensions {1}
[h5pp|copySwapB.h5][ debug  ] Copy-constructing this file [] from given file: [copySwapB.h5]. Previously initialized (this): false. Previously initialized (other): true
[h5pp|copySwapB.h5][ debug  ] Assign-constructing this file [] from given file: [copySwapB.h5]. Previously initialized (this): false. Previously initialized (other): true
[h5pp-init][ debug  ] Detected file name  : copySwapB.h5
[h5pp-init][ debug  ] Detected file path  : /home/ilaria/Desktop/MultiComponents_SC/2Components_GL/build/Release/third-party-build/h5pp/src/external_h5pp-build/tests/copySwap/outputB/copySwapB.h5
[h5pp-init][ debug  ] File mode [OPEN]: Opening file [/home/ilaria/Desktop/MultiComponents_SC/2Components_GL/build/Release/third-party-build/h5pp/src/external_h5pp-build/tests/copySwap/outputB/copySwapB.h5]
[h5pp|copySwapB.h5][ debug  ] Writing dataset: [groupD/D] | size 2 | rank 1 | dimensions {1}
[h5pp][ debug  ] Constructing h5pp file. Given path: [outputE/copySwapE.h5]
[h5pp-init][ debug  ] Detected file name  : copySwapE.h5
[h5pp-init][ debug  ] Detected file path  : /home/ilaria/Desktop/MultiComponents_SC/2Components_GL/build/Release/third-party-build/h5pp/src/external_h5pp-build/tests/copySwap/outputE/copySwapE.h5
[h5pp-init][ debug  ] File mode [TRUNCATE]: Overwriting file if it exists: [/home/ilaria/Desktop/MultiComponents_SC/2Components_GL/build/Release/third-party-build/h5pp/src/external_h5pp-build/tests/copySwap/outputE/copySwapE.h5]
[h5pp|copySwapE.h5][ debug  ] Writing dataset: [groupE/E] | size 2 | rank 1 | dimensions {1}
[h5pp|copySwapE.h5][ debug  ] Assign-constructing this file [copySwapB.h5] from given file: [copySwapB.h5]. Previously initialized (this): true. Previously initialized (other): true
[h5pp-init][ debug  ] Detected file name  : copySwapB.h5
[h5pp-init][ debug  ] Detected file path  : /home/ilaria/Desktop/MultiComponents_SC/2Components_GL/build/Release/third-party-build/h5pp/src/external_h5pp-build/tests/copySwap/outputB/copySwapB.h5
[h5pp-init][ debug  ] File mode [OPEN]: Opening file [/home/ilaria/Desktop/MultiComponents_SC/2Components_GL/build/Release/third-party-build/h5pp/src/external_h5pp-build/tests/copySwap/outputB/copySwapB.h5]
[h5pp-exit][ debug  ] Closing file: copySwapE.h5. There are still 4 files open: copySwapB.h5 copySwapB.h5 copySwapB.h5 copySwapA.h5 
[h5pp-exit][ debug  ] Closing file: copySwapB.h5. There are still 3 files open: copySwapB.h5 copySwapB.h5 copySwapA.h5 
[h5pp-exit][ debug  ] Closing file: copySwapB.h5. There are still 2 files open: copySwapB.h5 copySwapA.h5 
[h5pp-exit][ debug  ] Closing file: copySwapB.h5. There are still 1 files open: copySwapA.h5 
[h5pp-exit][ debug  ] Closing file: copySwapA.h5.
<end of output>
Test time =   0.01 sec
----------------------------------------------------------
Test Passed.
"copySwapTest" end time: Feb 03 13:24 CET
"copySwapTest" time elapsed: 00:00:00
----------------------------------------------------------

End testing: Feb 03 13:24 CET
