Start testing: Jan 29 17:47 CET
----------------------------------------------------------
1/1 Testing: test-openmp
1/1 Test: test-openmp
Command: "/home/ilaria/Desktop/MultiComponents_SC/Multi_Components_GL/cmake-build-debug/tests/openmp/test-openmp"
Directory: /home/ilaria/Desktop/MultiComponents_SC/Multi_Components_GL/cmake-build-debug/tests/openmp
"test-openmp" start time: Jan 29 17:47 CET
Output:
----------------------------------------------------------
Machine has 8 hyperthreads available
Using 8 OpenMP with threads
Counter is: 16
<end of output>
Test time =   0.00 sec
----------------------------------------------------------
Test Passed.
"test-openmp" end time: Jan 29 17:47 CET
"test-openmp" time elapsed: 00:00:00
----------------------------------------------------------

End testing: Jan 29 17:47 CET
